<?xml version="1.0" encoding="UTF-8"?>
<testsuite xmlns:xsi="http://www.w3.org/2001/XMLSchema-instance" xsi:noNamespaceSchemaLocation="https://maven.apache.org/surefire/maven-surefire-plugin/xsd/surefire-test-report-3.0.xsd" version="3.0" name="org.example.AmaltheaToAscetAllExecutionTest" time="0.896" tests="1" errors="0" skipped="0" failures="0">
  <properties>
    <property name="java.specification.version" value="17"/>
    <property name="sun.cpu.isalist" value="amd64"/>
    <property name="sun.jnu.encoding" value="Cp1252"/>
    <property name="java.class.path" value="D:\Uni\Bachelorarbeit\03-Code\ATL_Tests\target\test-classes;D:\Uni\Bachelorarbeit\03-Code\ATL_Tests\target\classes;C:\Users\Lukas\.m2\repository\org\junit\jupiter\junit-jupiter\5.9.3\junit-jupiter-5.9.3.jar;C:\Users\Lukas\.m2\repository\org\junit\jupiter\junit-jupiter-api\5.9.3\junit-jupiter-api-5.9.3.jar;C:\Users\Lukas\.m2\repository\org\opentest4j\opentest4j\1.2.0\opentest4j-1.2.0.jar;C:\Users\Lukas\.m2\repository\org\junit\platform\junit-platform-commons\1.9.3\junit-platform-commons-1.9.3.jar;C:\Users\Lukas\.m2\repository\org\apiguardian\apiguardian-api\1.1.2\apiguardian-api-1.1.2.jar;C:\Users\Lukas\.m2\repository\org\junit\jupiter\junit-jupiter-params\5.9.3\junit-jupiter-params-5.9.3.jar;C:\Users\Lukas\.m2\repository\org\junit\jupiter\junit-jupiter-engine\5.9.3\junit-jupiter-engine-5.9.3.jar;C:\Users\Lukas\.m2\repository\org\junit\platform\junit-platform-engine\1.9.3\junit-platform-engine-1.9.3.jar;C:\Users\Lukas\.m2\repository\org\eclipse\m2m\atl\org.eclipse.m2m.atl.engine.emfvm\4.12.0\org.eclipse.m2m.atl.engine.emfvm-4.12.0.jar;C:\Users\Lukas\.m2\repository\org\eclipse\m2m\atl\org.eclipse.m2m.atl.common\4.12.0\org.eclipse.m2m.atl.common-4.12.0.jar;C:\Users\Lukas\.m2\repository\org\eclipse\m2m\atl\org.eclipse.m2m.atl.core.emf\4.12.0\org.eclipse.m2m.atl.core.emf-4.12.0.jar;C:\Users\Lukas\.m2\repository\org\eclipse\emf\org.eclipse.emf.ecore.xmi\2.39.0\org.eclipse.emf.ecore.xmi-2.39.0.jar;C:\Users\Lukas\.m2\repository\org\eclipse\emf\org.eclipse.emf.common\2.41.0\org.eclipse.emf.common-2.41.0.jar;C:\Users\Lukas\.m2\repository\org\eclipse\emf\org.eclipse.emf.ecore\2.38.0\org.eclipse.emf.ecore-2.38.0.jar;C:\Users\Lukas\.m2\repository\org\eclipse\platform\org.eclipse.core.runtime\3.32.0\org.eclipse.core.runtime-3.32.0.jar;C:\Users\Lukas\.m2\repository\org\eclipse\platform\org.eclipse.osgi\3.22.0\org.eclipse.osgi-3.22.0.jar;C:\Users\Lukas\.m2\repository\org\eclipse\platform\org.eclipse.equinox.common\3.19.200\org.eclipse.equinox.common-3.19.200.jar;C:\Users\Lukas\.m2\repository\org\eclipse\platform\org.eclipse.core.jobs\3.15.400\org.eclipse.core.jobs-3.15.400.jar;C:\Users\Lukas\.m2\repository\org\eclipse\platform\org.eclipse.equinox.registry\3.12.200\org.eclipse.equinox.registry-3.12.200.jar;C:\Users\Lukas\.m2\repository\org\eclipse\platform\org.eclipse.equinox.preferences\3.11.200\org.eclipse.equinox.preferences-3.11.200.jar;C:\Users\Lukas\.m2\repository\org\osgi\org.osgi.service.prefs\1.1.2\org.osgi.service.prefs-1.1.2.jar;C:\Users\Lukas\.m2\repository\org\osgi\osgi.annotation\8.0.1\osgi.annotation-8.0.1.jar;C:\Users\Lukas\.m2\repository\org\eclipse\platform\org.eclipse.core.contenttype\3.9.600\org.eclipse.core.contenttype-3.9.600.jar;C:\Users\Lukas\.m2\repository\org\eclipse\platform\org.eclipse.equinox.app\1.7.200\org.eclipse.equinox.app-1.7.200.jar;C:\Users\Lukas\.m2\repository\org\eclipse\m2m\atl\org.eclipse.m2m.atl.core\4.12.0\org.eclipse.m2m.atl.core-4.12.0.jar;C:\Users\Lukas\.m2\repository\org\eclipse\m2m\atl\org.eclipse.m2m.atl.emftvm.compiler\4.12.0\org.eclipse.m2m.atl.emftvm.compiler-4.12.0.jar;C:\Users\Lukas\.m2\repository\org\eclipse\m2m\atl\org.eclipse.m2m.atl.dsls\4.12.0\org.eclipse.m2m.atl.dsls-4.12.0.jar;C:\Users\Lukas\.m2\repository\org\eclipse\equinox\org.eclipse.equinox.common\3.6.200.v20130402-1505\org.eclipse.equinox.common-3.6.200.v20130402-1505.jar;C:\Users\Lukas\.m2\repository\org\antlr\antlr-runtime\3.2\antlr-runtime-3.2.jar;C:\Users\Lukas\.m2\repository\org\antlr\stringtemplate\3.2\stringtemplate-3.2.jar;C:\Users\Lukas\.m2\repository\antlr\antlr\2.7.7\antlr-2.7.7.jar;C:\Users\Lukas\.m2\repository\org\eclipse\m2m\atl\org.eclipse.m2m.atl.engine\4.12.0\org.eclipse.m2m.atl.engine-4.12.0.jar;C:\Users\Lukas\.m2\repository\org\eclipse\m2m\atl\org.eclipse.m2m.atl.emftvm\4.12.0\org.eclipse.m2m.atl.emftvm-4.12.0.jar;C:\Users\Lukas\.m2\repository\org\eclipse\m2m\atl\org.eclipse.m2m.atl.emftvm.trace\4.12.0\org.eclipse.m2m.atl.emftvm.trace-4.12.0.jar;C:\Users\Lukas\.m2\repository\org\ow2\asm\asm\9.0-beta\asm-9.0-beta.jar;"/>
    <property name="java.vm.vendor" value="Oracle Corporation"/>
    <property name="sun.arch.data.model" value="64"/>
    <property name="user.variant" value=""/>
    <property name="java.vendor.url" value="https://java.oracle.com/"/>
    <property name="user.timezone" value="Europe/Berlin"/>
    <property name="os.name" value="Windows 11"/>
    <property name="java.vm.specification.version" value="17"/>
    <property name="sun.java.launcher" value="SUN_STANDARD"/>
    <property name="user.country" value="DE"/>
    <property name="sun.boot.library.path" value="C:\Program Files\Java\jdk-17\bin"/>
    <property name="sun.java.command" value="C:\Users\Lukas\AppData\Local\Temp\surefire18190233434072028768\surefirebooter-20250921210557446_3.jar C:\Users\Lukas\AppData\Local\Temp\surefire18190233434072028768 2025-09-21T21-05-56_948-jvmRun1 surefire-20250921210557446_1tmp surefire_0-20250921210557446_2tmp"/>
    <property name="jdk.debug" value="release"/>
    <property name="surefire.test.class.path" value="D:\Uni\Bachelorarbeit\03-Code\ATL_Tests\target\test-classes;D:\Uni\Bachelorarbeit\03-Code\ATL_Tests\target\classes;C:\Users\Lukas\.m2\repository\org\junit\jupiter\junit-jupiter\5.9.3\junit-jupiter-5.9.3.jar;C:\Users\Lukas\.m2\repository\org\junit\jupiter\junit-jupiter-api\5.9.3\junit-jupiter-api-5.9.3.jar;C:\Users\Lukas\.m2\repository\org\opentest4j\opentest4j\1.2.0\opentest4j-1.2.0.jar;C:\Users\Lukas\.m2\repository\org\junit\platform\junit-platform-commons\1.9.3\junit-platform-commons-1.9.3.jar;C:\Users\Lukas\.m2\repository\org\apiguardian\apiguardian-api\1.1.2\apiguardian-api-1.1.2.jar;C:\Users\Lukas\.m2\repository\org\junit\jupiter\junit-jupiter-params\5.9.3\junit-jupiter-params-5.9.3.jar;C:\Users\Lukas\.m2\repository\org\junit\jupiter\junit-jupiter-engine\5.9.3\junit-jupiter-engine-5.9.3.jar;C:\Users\Lukas\.m2\repository\org\junit\platform\junit-platform-engine\1.9.3\junit-platform-engine-1.9.3.jar;C:\Users\Lukas\.m2\repository\org\eclipse\m2m\atl\org.eclipse.m2m.atl.engine.emfvm\4.12.0\org.eclipse.m2m.atl.engine.emfvm-4.12.0.jar;C:\Users\Lukas\.m2\repository\org\eclipse\m2m\atl\org.eclipse.m2m.atl.common\4.12.0\org.eclipse.m2m.atl.common-4.12.0.jar;C:\Users\Lukas\.m2\repository\org\eclipse\m2m\atl\org.eclipse.m2m.atl.core.emf\4.12.0\org.eclipse.m2m.atl.core.emf-4.12.0.jar;C:\Users\Lukas\.m2\repository\org\eclipse\emf\org.eclipse.emf.ecore.xmi\2.39.0\org.eclipse.emf.ecore.xmi-2.39.0.jar;C:\Users\Lukas\.m2\repository\org\eclipse\emf\org.eclipse.emf.common\2.41.0\org.eclipse.emf.common-2.41.0.jar;C:\Users\Lukas\.m2\repository\org\eclipse\emf\org.eclipse.emf.ecore\2.38.0\org.eclipse.emf.ecore-2.38.0.jar;C:\Users\Lukas\.m2\repository\org\eclipse\platform\org.eclipse.core.runtime\3.32.0\org.eclipse.core.runtime-3.32.0.jar;C:\Users\Lukas\.m2\repository\org\eclipse\platform\org.eclipse.osgi\3.22.0\org.eclipse.osgi-3.22.0.jar;C:\Users\Lukas\.m2\repository\org\eclipse\platform\org.eclipse.equinox.common\3.19.200\org.eclipse.equinox.common-3.19.200.jar;C:\Users\Lukas\.m2\repository\org\eclipse\platform\org.eclipse.core.jobs\3.15.400\org.eclipse.core.jobs-3.15.400.jar;C:\Users\Lukas\.m2\repository\org\eclipse\platform\org.eclipse.equinox.registry\3.12.200\org.eclipse.equinox.registry-3.12.200.jar;C:\Users\Lukas\.m2\repository\org\eclipse\platform\org.eclipse.equinox.preferences\3.11.200\org.eclipse.equinox.preferences-3.11.200.jar;C:\Users\Lukas\.m2\repository\org\osgi\org.osgi.service.prefs\1.1.2\org.osgi.service.prefs-1.1.2.jar;C:\Users\Lukas\.m2\repository\org\osgi\osgi.annotation\8.0.1\osgi.annotation-8.0.1.jar;C:\Users\Lukas\.m2\repository\org\eclipse\platform\org.eclipse.core.contenttype\3.9.600\org.eclipse.core.contenttype-3.9.600.jar;C:\Users\Lukas\.m2\repository\org\eclipse\platform\org.eclipse.equinox.app\1.7.200\org.eclipse.equinox.app-1.7.200.jar;C:\Users\Lukas\.m2\repository\org\eclipse\m2m\atl\org.eclipse.m2m.atl.core\4.12.0\org.eclipse.m2m.atl.core-4.12.0.jar;C:\Users\Lukas\.m2\repository\org\eclipse\m2m\atl\org.eclipse.m2m.atl.emftvm.compiler\4.12.0\org.eclipse.m2m.atl.emftvm.compiler-4.12.0.jar;C:\Users\Lukas\.m2\repository\org\eclipse\m2m\atl\org.eclipse.m2m.atl.dsls\4.12.0\org.eclipse.m2m.atl.dsls-4.12.0.jar;C:\Users\Lukas\.m2\repository\org\eclipse\equinox\org.eclipse.equinox.common\3.6.200.v20130402-1505\org.eclipse.equinox.common-3.6.200.v20130402-1505.jar;C:\Users\Lukas\.m2\repository\org\antlr\antlr-runtime\3.2\antlr-runtime-3.2.jar;C:\Users\Lukas\.m2\repository\org\antlr\stringtemplate\3.2\stringtemplate-3.2.jar;C:\Users\Lukas\.m2\repository\antlr\antlr\2.7.7\antlr-2.7.7.jar;C:\Users\Lukas\.m2\repository\org\eclipse\m2m\atl\org.eclipse.m2m.atl.engine\4.12.0\org.eclipse.m2m.atl.engine-4.12.0.jar;C:\Users\Lukas\.m2\repository\org\eclipse\m2m\atl\org.eclipse.m2m.atl.emftvm\4.12.0\org.eclipse.m2m.atl.emftvm-4.12.0.jar;C:\Users\Lukas\.m2\repository\org\eclipse\m2m\atl\org.eclipse.m2m.atl.emftvm.trace\4.12.0\org.eclipse.m2m.atl.emftvm.trace-4.12.0.jar;C:\Users\Lukas\.m2\repository\org\ow2\asm\asm\9.0-beta\asm-9.0-beta.jar;"/>
    <property name="sun.cpu.endian" value="little"/>
    <property name="user.home" value="C:\Users\Lukas"/>
    <property name="user.language" value="de"/>
    <property name="java.specification.vendor" value="Oracle Corporation"/>
    <property name="java.version.date" value="2024-07-16"/>
    <property name="java.home" value="C:\Program Files\Java\jdk-17"/>
    <property name="file.separator" value="\"/>
    <property name="basedir" value="D:\Uni\Bachelorarbeit\03-Code\ATL_Tests"/>
    <property name="java.vm.compressedOopsMode" value="Zero based"/>
    <property name="line.separator" value="&#10;"/>
    <property name="java.vm.specification.vendor" value="Oracle Corporation"/>
    <property name="java.specification.name" value="Java Platform API Specification"/>
    <property name="surefire.real.class.path" value="C:\Users\Lukas\AppData\Local\Temp\surefire18190233434072028768\surefirebooter-20250921210557446_3.jar"/>
    <property name="user.script" value=""/>
    <property name="sun.management.compiler" value="HotSpot 64-Bit Tiered Compilers"/>
    <property name="java.runtime.version" value="17.0.12+8-LTS-286"/>
    <property name="user.name" value="Lukas"/>
    <property name="path.separator" value=";"/>
    <property name="os.version" value="10.0"/>
    <property name="java.runtime.name" value="Java(TM) SE Runtime Environment"/>
    <property name="file.encoding" value="Cp1252"/>
    <property name="java.vm.name" value="Java HotSpot(TM) 64-Bit Server VM"/>
    <property name="localRepository" value="C:\Users\Lukas\.m2\repository"/>
    <property name="java.vendor.url.bug" value="https://bugreport.java.com/bugreport/"/>
    <property name="java.io.tmpdir" value="C:\Users\Lukas\AppData\Local\Temp\"/>
    <property name="java.version" value="17.0.12"/>
    <property name="user.dir" value="D:\Uni\Bachelorarbeit\03-Code\ATL_Tests"/>
    <property name="os.arch" value="amd64"/>
    <property name="java.vm.specification.name" value="Java Virtual Machine Specification"/>
    <property name="sun.os.patch.level" value=""/>
    <property name="native.encoding" value="Cp1252"/>
    <property name="java.library.path" value="C:\Program Files\Java\jdk-17\bin;C:\WINDOWS\Sun\Java\bin;C:\WINDOWS\system32;C:\WINDOWS;C:\Program Files\Common Files\Oracle\Java\javapath;C:\Program Files (x86)\Common Files\Oracle\Java\java8path;C:\Program Files (x86)\Common Files\Oracle\Java\javapath;C:\Users\Lukas\AppData\Local\Microsoft\WindowsApps\PythonSoftwareFoundation.Python.3.12_qbz5n2kfra8p0;C:\WINDOWS\system32;C:\WINDOWS;C:\WINDOWS\System32\Wbem;C:\WINDOWS\System32\WindowsPowerShell\v1.0\;C:\WINDOWS\System32\OpenSSH\;C:\Program Files\dotnet\;C:\Program Files (x86)\NVIDIA Corporation\PhysX\Common;C:\Program Files (x86)\ZeroTier\One\;C:\Program Files\NVIDIA Corporation\NVIDIA app\NvDLISR;C:\Program Files\Git\cmd;C:\composer;C:\Program Files\Docker\Docker\resources\bin;C:\Program Files\Java\jdk-17\bin;C:\Users\Lukas\AppData\Local\Programs\Python\Python312\Scripts\;C:\Users\Lukas\AppData\Local\Programs\Python\Python312\;C:\Users\Lukas\AppData\Roaming\local\bin;C:\Users\Lukas\AppData\Local\Microsoft\WindowsApps;C:\Users\Lukas\AppData\Local\Programs\Microsoft VS Code\bin;C:\php;C:\Users\Lukas\AppData\Roaming\Composer\vendor\bin;C:\Users\Lukas\AppData\Local\GitHubDesktop\bin;C:\Program Files\Maven\bin;;c:\Users\Lukas\AppData\Roaming\Code\User\globalStorage\github.copilot-chat\debugCommand;."/>
    <property name="java.vm.info" value="mixed mode, sharing"/>
    <property name="java.vendor" value="Oracle Corporation"/>
    <property name="java.vm.version" value="17.0.12+8-LTS-286"/>
    <property name="sun.io.unicode.encoding" value="UnicodeLittle"/>
    <property name="java.class.version" value="61.0"/>
  </properties>
  <testcase name="testAmaltheaToAscet" classname="org.example.AmaltheaToAscetAllExecutionTest" time="0.862"/>
</testsuite>